Determining if the pthread_create exist failed with the following output:
Change Dir: /home/hadar/Documents/Reversi/cmake-build-debug/CMakeFiles/CMakeTmp

Run Build Command:"/usr/bin/make" "cmTC_11fad/fast"
/usr/bin/make -f CMakeFiles/cmTC_11fad.dir/build.make CMakeFiles/cmTC_11fad.dir/build
make[1]: Entering directory '/home/hadar/Documents/Reversi/cmake-build-debug/CMakeFiles/CMakeTmp'
Building C object CMakeFiles/cmTC_11fad.dir/CheckSymbolExists.c.o
/usr/bin/cc    -o CMakeFiles/cmTC_11fad.dir/CheckSymbolExists.c.o   -c /home/hadar/Documents/Reversi/cmake-build-debug/CMakeFiles/CMakeTmp/CheckSymbolExists.c
Linking C executable cmTC_11fad
/home/hadar/Downloads/clion-2017.2.3/bin/cmake/bin/cmake -E cmake_link_script CMakeFiles/cmTC_11fad.dir/link.txt --verbose=1
/usr/bin/cc      -rdynamic CMakeFiles/cmTC_11fad.dir/CheckSymbolExists.c.o  -o cmTC_11fad 
CMakeFiles/cmTC_11fad.dir/CheckSymbolExists.c.o: In function `main':
CheckSymbolExists.c:(.text+0x16): undefined reference to `pthread_create'
collect2: error: ld returned 1 exit status
CMakeFiles/cmTC_11fad.dir/build.make:97: recipe for target 'cmTC_11fad' failed
make[1]: *** [cmTC_11fad] Error 1
make[1]: Leaving directory '/home/hadar/Documents/Reversi/cmake-build-debug/CMakeFiles/CMakeTmp'
Makefile:126: recipe for target 'cmTC_11fad/fast' failed
make: *** [cmTC_11fad/fast] Error 2

File /home/hadar/Documents/Reversi/cmake-build-debug/CMakeFiles/CMakeTmp/CheckSymbolExists.c:
/* */
#include <pthread.h>

int main(int argc, char** argv)
{
  (void)argv;
#ifndef pthread_create
  return ((int*)(&pthread_create))[argc];
#else
  (void)argc;
  return 0;
#endif
}

Determining if the function pthread_create exists in the pthreads failed with the following output:
Change Dir: /home/hadar/Documents/Reversi/cmake-build-debug/CMakeFiles/CMakeTmp

Run Build Command:"/usr/bin/make" "cmTC_af6f9/fast"
/usr/bin/make -f CMakeFiles/cmTC_af6f9.dir/build.make CMakeFiles/cmTC_af6f9.dir/build
make[1]: Entering directory '/home/hadar/Documents/Reversi/cmake-build-debug/CMakeFiles/CMakeTmp'
Building C object CMakeFiles/cmTC_af6f9.dir/CheckFunctionExists.c.o
/usr/bin/cc   -DCHECK_FUNCTION_EXISTS=pthread_create   -o CMakeFiles/cmTC_af6f9.dir/CheckFunctionExists.c.o   -c /home/hadar/Downloads/clion-2017.2.3/bin/cmake/share/cmake-3.8/Modules/CheckFunctionExists.c
Linking C executable cmTC_af6f9
/home/hadar/Downloads/clion-2017.2.3/bin/cmake/bin/cmake -E cmake_link_script CMakeFiles/cmTC_af6f9.dir/link.txt --verbose=1
/usr/bin/cc  -DCHECK_FUNCTION_EXISTS=pthread_create    -rdynamic CMakeFiles/cmTC_af6f9.dir/CheckFunctionExists.c.o  -o cmTC_af6f9 -lpthreads 
/usr/bin/ld: cannot find -lpthreads
collect2: error: ld returned 1 exit status
CMakeFiles/cmTC_af6f9.dir/build.make:97: recipe for target 'cmTC_af6f9' failed
make[1]: *** [cmTC_af6f9] Error 1
make[1]: Leaving directory '/home/hadar/Documents/Reversi/cmake-build-debug/CMakeFiles/CMakeTmp'
Makefile:126: recipe for target 'cmTC_af6f9/fast' failed
make: *** [cmTC_af6f9/fast] Error 2


