Determining if the pthread_create exist failed with the following output:
Change Dir: /home/hadar/Documents/Reversi/src/cmake-build-debug/CMakeFiles/CMakeTmp

Run Build Command:"/usr/bin/make" "cmTC_cc63d/fast"
/usr/bin/make -f CMakeFiles/cmTC_cc63d.dir/build.make CMakeFiles/cmTC_cc63d.dir/build
make[1]: Entering directory '/home/hadar/Documents/Reversi/src/cmake-build-debug/CMakeFiles/CMakeTmp'
Building C object CMakeFiles/cmTC_cc63d.dir/CheckSymbolExists.c.o
/usr/bin/cc    -o CMakeFiles/cmTC_cc63d.dir/CheckSymbolExists.c.o   -c /home/hadar/Documents/Reversi/src/cmake-build-debug/CMakeFiles/CMakeTmp/CheckSymbolExists.c
Linking C executable cmTC_cc63d
/home/hadar/Downloads/clion-2017.2.3/bin/cmake/bin/cmake -E cmake_link_script CMakeFiles/cmTC_cc63d.dir/link.txt --verbose=1
/usr/bin/cc      -rdynamic CMakeFiles/cmTC_cc63d.dir/CheckSymbolExists.c.o  -o cmTC_cc63d 
CMakeFiles/cmTC_cc63d.dir/CheckSymbolExists.c.o: In function `main':
CheckSymbolExists.c:(.text+0x16): undefined reference to `pthread_create'
collect2: error: ld returned 1 exit status
CMakeFiles/cmTC_cc63d.dir/build.make:97: recipe for target 'cmTC_cc63d' failed
make[1]: *** [cmTC_cc63d] Error 1
make[1]: Leaving directory '/home/hadar/Documents/Reversi/src/cmake-build-debug/CMakeFiles/CMakeTmp'
Makefile:126: recipe for target 'cmTC_cc63d/fast' failed
make: *** [cmTC_cc63d/fast] Error 2

File /home/hadar/Documents/Reversi/src/cmake-build-debug/CMakeFiles/CMakeTmp/CheckSymbolExists.c:
/* */
#include <pthread.h>

int main(int argc, char** argv)
{
  (void)argv;
#ifndef pthread_create
  return ((int*)(&pthread_create))[argc];
#else
  (void)argc;
  return 0;
#endif
}

Determining if the function pthread_create exists in the pthreads failed with the following output:
Change Dir: /home/hadar/Documents/Reversi/src/cmake-build-debug/CMakeFiles/CMakeTmp

Run Build Command:"/usr/bin/make" "cmTC_c4c49/fast"
/usr/bin/make -f CMakeFiles/cmTC_c4c49.dir/build.make CMakeFiles/cmTC_c4c49.dir/build
make[1]: Entering directory '/home/hadar/Documents/Reversi/src/cmake-build-debug/CMakeFiles/CMakeTmp'
Building C object CMakeFiles/cmTC_c4c49.dir/CheckFunctionExists.c.o
/usr/bin/cc   -DCHECK_FUNCTION_EXISTS=pthread_create   -o CMakeFiles/cmTC_c4c49.dir/CheckFunctionExists.c.o   -c /home/hadar/Downloads/clion-2017.2.3/bin/cmake/share/cmake-3.8/Modules/CheckFunctionExists.c
Linking C executable cmTC_c4c49
/home/hadar/Downloads/clion-2017.2.3/bin/cmake/bin/cmake -E cmake_link_script CMakeFiles/cmTC_c4c49.dir/link.txt --verbose=1
/usr/bin/cc  -DCHECK_FUNCTION_EXISTS=pthread_create    -rdynamic CMakeFiles/cmTC_c4c49.dir/CheckFunctionExists.c.o  -o cmTC_c4c49 -lpthreads 
/usr/bin/ld: cannot find -lpthreads
collect2: error: ld returned 1 exit status
CMakeFiles/cmTC_c4c49.dir/build.make:97: recipe for target 'cmTC_c4c49' failed
make[1]: *** [cmTC_c4c49] Error 1
make[1]: Leaving directory '/home/hadar/Documents/Reversi/src/cmake-build-debug/CMakeFiles/CMakeTmp'
Makefile:126: recipe for target 'cmTC_c4c49/fast' failed
make: *** [cmTC_c4c49/fast] Error 2


